Plugins:
Bundled analyzers:
  - JaCoCo 1.3.0.1538 (jacoco)
  - IaC Code Quality and Security 1.41.0.14206 (iac)
  - Text Code Quality and Security 2.20.0.5038 (text)
  - Clean as You Code 2.4.0.2018 (cayc)
Global server settings:
  - sonar.azureresourcemanager.file.suffixes=.bicep
  - sonar.core.id=147B411E-AZVMQAfPMeZrjzKN3lEK
  - sonar.core.startTime=2025-03-01T16:13:51+0530
  - sonar.cs.file.suffixes=.cs,.razor
  - sonar.css.file.suffixes=.css,.less,.scss,.sass
  - sonar.docker.file.patterns=Dockerfile,*.dockerfile
  - sonar.flex.file.suffixes=as
  - sonar.forceAuthentication=true
  - sonar.go.file.suffixes=.go
  - sonar.html.file.suffixes=.html,.xhtml,.cshtml,.vbhtml,.aspx,.ascx,.rhtml,.erb,.shtm,.shtml,.cmp,.twig
  - sonar.ipynb.file.suffixes=ipynb
  - sonar.java.file.suffixes=.java,.jav
  - sonar.java.jvmframeworkconfig.file.patterns=**/src/main/resources/**/*app*.properties,**/src/main/resources/**/*app*.yaml,**/src/main/resources/**/*app*.yml
  - sonar.javascript.file.suffixes=.js,.jsx,.cjs,.mjs,.vue
  - sonar.json.file.suffixes=.json
  - sonar.jsp.file.suffixes=.jsp,.jspf,.jspx
  - sonar.kotlin.file.suffixes=.kt,.kts
  - sonar.multi-quality-mode.enabled=true
  - sonar.php.file.suffixes=php,php3,php4,php5,phtml,inc
  - sonar.python.file.suffixes=py
  - sonar.qualityProfiles.allowDisableInheritedRules=true
  - sonar.ruby.file.suffixes=.rb
  - sonar.scala.file.suffixes=.scala
  - sonar.terraform.file.suffixes=.tf
  - sonar.typescript.file.suffixes=.ts,.tsx,.cts,.mts
  - sonar.vbnet.file.suffixes=.vb
  - sonar.xml.file.suffixes=.xml,.xsd,.xsl,.config
  - sonar.yaml.file.suffixes=.yaml,.yml
Project server settings:
Project scanner properties:
  - sonar.binaries=/root/project/maven-web-application/target/classes
  - sonar.groovy.binaries=/root/project/maven-web-application/target/classes
  - sonar.host.url=http://192.168.1.11:7000/
  - sonar.java.binaries=/root/project/maven-web-application/target/classes
  - sonar.java.libraries=/root/.m2/repository/com/mt/mail/1.0.0/mail-1.0.0.jar,/root/.m2/repository/org/json/json/20160212/json-20160212.jar,/root/.m2/repository/javax/servlet/javax.servlet-api/3.1.0/javax.servlet-api-3.1.0.jar,/root/.m2/repository/org/springframework/spring-core/5.1.2.RELEASE/spring-core-5.1.2.RELEASE.jar,/root/.m2/repository/org/springframework/spring-jcl/5.1.2.RELEASE/spring-jcl-5.1.2.RELEASE.jar,/root/.m2/repository/org/springframework/spring-web/5.1.2.RELEASE/spring-web-5.1.2.RELEASE.jar,/root/.m2/repository/org/springframework/spring-beans/5.1.2.RELEASE/spring-beans-5.1.2.RELEASE.jar,/root/.m2/repository/org/springframework/spring-webmvc/5.1.2.RELEASE/spring-webmvc-5.1.2.RELEASE.jar,/root/.m2/repository/org/springframework/spring-aop/5.1.2.RELEASE/spring-aop-5.1.2.RELEASE.jar,/root/.m2/repository/org/springframework/spring-expression/5.1.2.RELEASE/spring-expression-5.1.2.RELEASE.jar,/root/.m2/repository/org/springframework/spring-context/5.1.2.RELEASE/spring-context-5.1.2.RELEASE.jar
  - sonar.java.source=1.8
  - sonar.java.target=1.8
  - sonar.java.test.libraries=/root/project/maven-web-application/target/classes,/root/.m2/repository/com/mt/mail/1.0.0/mail-1.0.0.jar,/root/.m2/repository/org/json/json/20160212/json-20160212.jar,/root/.m2/repository/junit/junit/3.8.1/junit-3.8.1.jar,/root/.m2/repository/javax/servlet/javax.servlet-api/3.1.0/javax.servlet-api-3.1.0.jar,/root/.m2/repository/org/mockito/mockito-core/1.9.5/mockito-core-1.9.5.jar,/root/.m2/repository/org/hamcrest/hamcrest-core/1.1/hamcrest-core-1.1.jar,/root/.m2/repository/org/objenesis/objenesis/1.0/objenesis-1.0.jar,/root/.m2/repository/org/springframework/spring-core/5.1.2.RELEASE/spring-core-5.1.2.RELEASE.jar,/root/.m2/repository/org/springframework/spring-jcl/5.1.2.RELEASE/spring-jcl-5.1.2.RELEASE.jar,/root/.m2/repository/org/springframework/spring-web/5.1.2.RELEASE/spring-web-5.1.2.RELEASE.jar,/root/.m2/repository/org/springframework/spring-beans/5.1.2.RELEASE/spring-beans-5.1.2.RELEASE.jar,/root/.m2/repository/org/springframework/spring-webmvc/5.1.2.RELEASE/spring-webmvc-5.1...
  - sonar.libraries=/root/.m2/repository/com/mt/mail/1.0.0/mail-1.0.0.jar,/root/.m2/repository/org/json/json/20160212/json-20160212.jar,/root/.m2/repository/javax/servlet/javax.servlet-api/3.1.0/javax.servlet-api-3.1.0.jar,/root/.m2/repository/org/springframework/spring-core/5.1.2.RELEASE/spring-core-5.1.2.RELEASE.jar,/root/.m2/repository/org/springframework/spring-jcl/5.1.2.RELEASE/spring-jcl-5.1.2.RELEASE.jar,/root/.m2/repository/org/springframework/spring-web/5.1.2.RELEASE/spring-web-5.1.2.RELEASE.jar,/root/.m2/repository/org/springframework/spring-beans/5.1.2.RELEASE/spring-beans-5.1.2.RELEASE.jar,/root/.m2/repository/org/springframework/spring-webmvc/5.1.2.RELEASE/spring-webmvc-5.1.2.RELEASE.jar,/root/.m2/repository/org/springframework/spring-aop/5.1.2.RELEASE/spring-aop-5.1.2.RELEASE.jar,/root/.m2/repository/org/springframework/spring-expression/5.1.2.RELEASE/spring-expression-5.1.2.RELEASE.jar,/root/.m2/repository/org/springframework/spring-context/5.1.2.RELEASE/spring-context-5.1.2.RELEASE.jar
  - sonar.links.ci=
  - sonar.links.homepage=
  - sonar.links.issue=
  - sonar.links.scm=
  - sonar.links.scm_dev=
  - sonar.login=******
  - sonar.moduleKey=com.mt:maven-web-application
  - sonar.projectBaseDir=/root/project/maven-web-application
  - sonar.projectBuildDir=/root/project/maven-web-application/target
  - sonar.projectDescription=Maven Web Project for Java Project
  - sonar.projectKey=com.mt:maven-web-application
  - sonar.projectName=maven-web-application
  - sonar.projectVersion=1.1.0
  - sonar.scanner.app=ScannerMaven
  - sonar.scanner.appVersion=4.0.0.4121/3.9.9
  - sonar.sourceEncoding=UTF-8
  - sonar.sources=/root/project/maven-web-application/src/main/webapp,/root/project/maven-web-application/pom.xml,/root/project/maven-web-application/src/main/java
  - sonar.token=******
  - sonar.verbose=true
  - sonar.working.directory=/root/project/maven-web-application/target/sonar
